[{"line":2,"uri":"file:src/test/resources/features/api/api.feature","id":"dummyapi---user-and-tag-endpoints","keyword":"Feature","name":"DummyAPI - User and Tag Endpoints","description":"","elements":[{"line":4,"type":"background","keyword":"Background","name":"","description":"","steps":[{"keyword":"Given ","line":5,"match":{"location":"com.tests.api.steps.ApiSteps.theAPIHasAppIdSet()"},"name":"the API has app-id set","result":{"duration":338061000,"status":"passed"}}]},{"start_timestamp":"2025-12-15T06:33:37.455Z","line":9,"id":"dummyapi---user-and-tag-endpoints;get-list-of-tags","type":"scenario","keyword":"Scenario","name":"Get list of tags","description":"","steps":[{"keyword":"When ","line":10,"match":{"location":"com.tests.api.steps.ApiSteps.iRequestGETTag()"},"name":"I request GET /tag","result":{"duration":3709012800,"status":"passed"}},{"keyword":"Then ","line":11,"match":{"location":"com.tests.api.steps.ApiSteps.theResponseStatusShouldBe(int)","arguments":[{"val":"200","offset":30}]},"name":"the response status should be 200","result":{"duration":2516000,"status":"passed"}},{"keyword":"And ","line":12,"match":{"location":"com.tests.api.steps.ApiSteps.theResponseShouldContainAListOfTags()"},"name":"the response should contain a list of tags","result":{"duration":978452000,"status":"passed"}}],"tags":[{"name":"@api"}]},{"line":4,"type":"background","keyword":"Background","name":"","description":"","steps":[{"keyword":"Given ","line":5,"match":{"location":"com.tests.api.steps.ApiSteps.theAPIHasAppIdSet()"},"name":"the API has app-id set","result":{"status":"passed"}}]},{"start_timestamp":"2025-12-15T06:33:42.508Z","line":14,"id":"dummyapi---user-and-tag-endpoints;create--update--and-delete-user","type":"scenario","keyword":"Scenario","name":"Create, update, and delete user","description":"","steps":[{"keyword":"Given ","line":15,"match":{"location":"com.tests.api.steps.ApiSteps.iHaveUserDataWithFirstNameLastNameAndEmail(java.lang.String,java.lang.String,java.lang.String)","arguments":[{"val":"\"John\"","offset":32},{"val":"\"Doe\"","offset":49},{"val":"\"JohnDoe@example.com\"","offset":66}]},"name":"I have user data with firstName \"John\", lastName \"Doe\", and email \"JohnDoe@example.com\"","result":{"duration":2003500,"status":"passed"}},{"keyword":"When ","line":16,"match":{"location":"com.tests.api.steps.ApiSteps.iCreateTheUser()"},"name":"I create the user","result":{"duration":2296833000,"status":"passed"}},{"keyword":"And ","line":17,"match":{"location":"com.tests.api.steps.ApiSteps.theResponseContainsFirstName(java.lang.String)","arguments":[{"val":"\"John\"","offset":32}]},"name":"the response contains firstName \"John\"","result":{"duration":7314500,"status":"passed"}},{"keyword":"Then ","line":18,"match":{"location":"com.tests.api.steps.ApiSteps.theResponseStatusShouldBe(int)","arguments":[{"val":"200","offset":30}]},"name":"the response status should be 200","result":{"status":"passed"}},{"keyword":"And ","line":19,"match":{"location":"com.tests.api.steps.ApiSteps.iUpdateTheUserSFirstNameTo(java.lang.String)","arguments":[{"val":"\"John\"","offset":33}]},"name":"I update the user's firstName to \"John\"","result":{"duration":692191400,"status":"passed"}},{"keyword":"Then ","line":20,"match":{"location":"com.tests.api.steps.ApiSteps.theUpdateResponseStatusShouldBe(int)","arguments":[{"val":"200","offset":37}]},"name":"the update response status should be 200","result":{"status":"passed"}},{"keyword":"And ","line":21,"match":{"location":"com.tests.api.steps.ApiSteps.theResponseContainsFirstName(java.lang.String)","arguments":[{"val":"\"John\"","offset":32}]},"name":"the response contains firstName \"John\"","result":{"duration":7113200,"status":"passed"}},{"keyword":"When ","line":22,"match":{"location":"com.tests.api.steps.ApiSteps.iDeleteTheUser()"},"name":"I delete the user","result":{"duration":648468700,"status":"passed"}},{"keyword":"Then ","line":23,"match":{"location":"com.tests.api.steps.ApiSteps.theDeleteResponseStatusShouldBe(int)","arguments":[{"val":"200","offset":37}]},"name":"the delete response status should be 200","result":{"status":"passed"}}],"tags":[{"name":"@api"}]},{"line":4,"type":"background","keyword":"Background","name":"","description":"","steps":[{"keyword":"Given ","line":5,"match":{"location":"com.tests.api.steps.ApiSteps.theAPIHasAppIdSet()"},"name":"the API has app-id set","result":{"duration":1414400,"status":"passed"}}]},{"start_timestamp":"2025-12-15T06:33:46.168Z","line":25,"id":"dummyapi---user-and-tag-endpoints;get-list-of-users","type":"scenario","keyword":"Scenario","name":"Get list of users","description":"","steps":[{"keyword":"When ","line":26,"match":{"location":"com.tests.api.steps.ApiSteps.iRequestGETUser()"},"name":"I request GET /user","result":{"duration":573730300,"status":"passed"}},{"keyword":"Then ","line":27,"match":{"location":"com.tests.api.steps.ApiSteps.theResponseStatusShouldBe(int)","arguments":[{"val":"200","offset":30}]},"name":"the response status should be 200","result":{"status":"passed"}},{"keyword":"And ","line":28,"match":{"location":"com.tests.api.steps.ApiSteps.theResponseShouldContainAListOfUsers()"},"name":"the response should contain a list of users","result":{"duration":10142600,"status":"passed"}}],"tags":[{"name":"@api"}]},{"line":4,"type":"background","keyword":"Background","name":"","description":"","steps":[{"keyword":"Given ","line":5,"match":{"location":"com.tests.api.steps.ApiSteps.theAPIHasAppIdSet()"},"name":"the API has app-id set","result":{"status":"passed"}}]},{"start_timestamp":"2025-12-15T06:33:46.756Z","line":30,"id":"dummyapi---user-and-tag-endpoints;get-user-by-id","type":"scenario","keyword":"Scenario","name":"Get user by ID","description":"","steps":[{"keyword":"Given ","line":31,"match":{"location":"com.tests.api.steps.ApiSteps.iHaveAnExistingUserWithFirstNameLastNameEmail(java.lang.String,java.lang.String,java.lang.String)","arguments":[{"val":"\"Rini\"","offset":39},{"val":"\"Agustina\"","offset":56},{"val":"\"riniAgustina@example.com\"","offset":74}]},"name":"I have an existing user with firstName \"Rini\", lastName \"Agustina\", email \"riniAgustina@example.com\"","result":{"duration":577665200,"status":"passed"}},{"keyword":"When ","line":32,"match":{"location":"com.tests.api.steps.ApiSteps.iRequestGETUserId()"},"name":"I request GET /user/{id}","result":{"duration":769336200,"status":"passed"}},{"keyword":"Then ","line":33,"match":{"location":"com.tests.api.steps.ApiSteps.theResponseStatusShouldBe(int)","arguments":[{"val":"200","offset":30}]},"name":"the response status should be 200","result":{"duration":1012200,"status":"passed"}},{"keyword":"And ","line":34,"match":{"location":"com.tests.api.steps.ApiSteps.theResponseContainsFirstName(java.lang.String)","arguments":[{"val":"\"Rini\"","offset":32}]},"name":"the response contains firstName \"Rini\"","result":{"duration":6206600,"status":"passed"}}],"tags":[{"name":"@api"}]},{"line":4,"type":"background","keyword":"Background","name":"","description":"","steps":[{"keyword":"Given ","line":5,"match":{"location":"com.tests.api.steps.ApiSteps.theAPIHasAppIdSet()"},"name":"the API has app-id set","result":{"status":"passed"}}]},{"start_timestamp":"2025-12-15T06:33:48.111Z","line":38,"id":"dummyapi---user-and-tag-endpoints;create-user-without-email","type":"scenario","keyword":"Scenario","name":"Create user without email","description":"","steps":[{"keyword":"Given ","line":39,"match":{"location":"com.tests.api.steps.ApiSteps.iHaveUserDataWithFirstNameAndLastNameButNoEmail(java.lang.String,java.lang.String)","arguments":[{"val":"\"Budi\"","offset":32},{"val":"\"Santoso\"","offset":52}]},"name":"I have user data with firstName \"Budi\" and lastName \"Santoso\" but no email","result":{"status":"passed"}},{"keyword":"When ","line":40,"match":{"location":"com.tests.api.steps.ApiSteps.iCreateTheUser()"},"name":"I create the user","result":{"duration":821316500,"status":"passed"}},{"keyword":"Then ","line":41,"match":{"location":"com.tests.api.steps.ApiSteps.theCreateResponseStatusShouldBe(int)","arguments":[{"val":"400","offset":37}]},"name":"the create response status should be 400","result":{"status":"passed"}}],"tags":[{"name":"@api"}]},{"line":4,"type":"background","keyword":"Background","name":"","description":"","steps":[{"keyword":"Given ","line":5,"match":{"location":"com.tests.api.steps.ApiSteps.theAPIHasAppIdSet()"},"name":"the API has app-id set","result":{"status":"passed"}}]},{"start_timestamp":"2025-12-15T06:33:48.936Z","line":43,"id":"dummyapi---user-and-tag-endpoints;get-user-with-invalid-id","type":"scenario","keyword":"Scenario","name":"Get user with invalid ID","description":"","steps":[{"keyword":"When ","line":44,"match":{"location":"com.tests.api.steps.ApiSteps.iRequestGETUserInvalidId()"},"name":"I request GET /user/invalid-id","result":{"duration":445216800,"status":"passed"}},{"keyword":"Then ","line":45,"match":{"location":"com.tests.api.steps.ApiSteps.theResponseStatusShouldBe(int)","arguments":[{"val":"400","offset":30}]},"name":"the response status should be 400","result":{"status":"passed"}}],"tags":[{"name":"@api"}]}],"tags":[{"name":"@api","type":"Tag","location":{"line":1,"column":1}}]},{"line":2,"uri":"file:src/test/resources/features/web/web.feature","id":"web-ui---demoblaze-website","keyword":"Feature","name":"Web UI - DemoBlaze website","description":"","elements":[{"line":4,"type":"background","keyword":"Background","name":"","description":"","steps":[{"keyword":"Given ","line":5,"match":{"location":"com.tests.web.steps.WebSteps.iOpenTheHomepage()"},"name":"I open the homepage","result":{"duration":7132459700,"status":"failed","error_message":"io.cucumber.core.exception.CucumberException: Failed to instantiate class com.tests.web.steps.WebSteps\r\n\tat io.cucumber.core.backend.DefaultObjectFactory.cacheNewInstance(DefaultObjectFactory.java:67)\r\n\tat io.cucumber.core.backend.DefaultObjectFactory.getInstance(DefaultObjectFactory.java:45)\r\n\tat io.cucumber.java.AbstractGlueDefinition.invokeMethod(AbstractGlueDefinition.java:47)\r\n\tat io.cucumber.java.JavaStepDefinition.execute(JavaStepDefinition.java:29)\r\n\tat io.cucumber.core.runner.CoreStepDefinition.execute(CoreStepDefinition.java:66)\r\n\tat io.cucumber.core.runner.PickleStepDefinitionMatch.runStep(PickleStepDefinitionMatch.java:62)\r\n\tat io.cucumber.core.runner.ExecutionMode$1.execute(ExecutionMode.java:10)\r\n\tat io.cucumber.core.runner.TestStep.executeStep(TestStep.java:81)\r\n\tat io.cucumber.core.runner.TestStep.run(TestStep.java:53)\r\n\tat io.cucumber.core.runner.PickleStepTestStep.run(PickleStepTestStep.java:51)\r\n\tat io.cucumber.core.runner.TestCase.run(TestCase.java:87)\r\n\tat io.cucumber.core.runner.Runner.runPickle(Runner.java:78)\r\n\tat io.cucumber.junit.PickleRunners$NoStepDescriptions.lambda$run$0(PickleRunners.java:151)\r\n\tat io.cucumber.core.runtime.CucumberExecutionContext.lambda$runTestCase$5(CucumberExecutionContext.java:136)\r\n\tat io.cucumber.core.runtime.RethrowingThrowableCollector.executeAndThrow(RethrowingThrowableCollector.java:23)\r\n\tat io.cucumber.core.runtime.CucumberExecutionContext.runTestCase(CucumberExecutionContext.java:136)\r\n\tat io.cucumber.junit.PickleRunners$NoStepDescriptions.run(PickleRunners.java:148)\r\n\tat io.cucumber.junit.FeatureRunner.runChild(FeatureRunner.java:144)\r\n\tat io.cucumber.junit.FeatureRunner.runChild(FeatureRunner.java:28)\r\n\tat org.junit.runners.ParentRunner$4.run(ParentRunner.java:331)\r\n\tat org.junit.runners.ParentRunner$1.schedule(ParentRunner.java:79)\r\n\tat org.junit.runners.ParentRunner.runChildren(ParentRunner.java:329)\r\n\tat org.junit.runners.ParentRunner.access$100(ParentRunner.java:66)\r\n\tat org.junit.runners.ParentRunner$2.evaluate(ParentRunner.java:293)\r\n\tat org.junit.runners.ParentRunner$3.evaluate(ParentRunner.java:306)\r\n\tat org.junit.runners.ParentRunner.run(ParentRunner.java:413)\r\n\tat io.cucumber.junit.FeatureRunner.run(FeatureRunner.java:137)\r\n\tat io.cucumber.junit.Cucumber.runChild(Cucumber.java:202)\r\n\tat io.cucumber.junit.Cucumber.runChild(Cucumber.java:91)\r\n\tat org.junit.runners.ParentRunner$4.run(ParentRunner.java:331)\r\n\tat org.junit.runners.ParentRunner$1.schedule(ParentRunner.java:79)\r\n\tat org.junit.runners.ParentRunner.runChildren(ParentRunner.java:329)\r\n\tat org.junit.runners.ParentRunner.access$100(ParentRunner.java:66)\r\n\tat org.junit.runners.ParentRunner$2.evaluate(ParentRunner.java:293)\r\n\tat io.cucumber.core.runtime.CucumberExecutionContext.lambda$runFeatures$6(CucumberExecutionContext.java:147)\r\n\tat io.cucumber.core.runtime.CucumberExecutionContext.execute(CucumberExecutionContext.java:162)\r\n\tat io.cucumber.core.runtime.CucumberExecutionContext.runFeatures(CucumberExecutionContext.java:145)\r\n\tat io.cucumber.junit.Cucumber$StartAndFinishTestRun.evaluate(Cucumber.java:232)\r\n\tat org.junit.runners.ParentRunner$3.evaluate(ParentRunner.java:306)\r\n\tat org.junit.runners.ParentRunner.run(ParentRunner.java:413)\r\n\tat org.gradle.api.internal.tasks.testing.junit.JUnitTestClassExecutor.runTestClass(JUnitTestClassExecutor.java:122)\r\n\tat org.gradle.api.internal.tasks.testing.junit.JUnitTestClassExecutor.execute(JUnitTestClassExecutor.java:68)\r\n\tat org.gradle.api.internal.tasks.testing.junit.JUnitTestClassExecutor.execute(JUnitTestClassExecutor.java:43)\r\n\tat org.gradle.api.internal.tasks.testing.junit.AbstractJUnitTestClassProcessor.processTestClass(AbstractJUnitTestClassProcessor.java:61)\r\n\tat org.gradle.api.internal.tasks.testing.SuiteTestClassProcessor.processTestClass(SuiteTestClassProcessor.java:54)\r\n\tat java.base/jdk.internal.reflect.DirectMethodHandleAccessor.invoke(DirectMethodHandleAccessor.java:103)\r\n\tat java.base/java.lang.reflect.Method.invoke(Method.java:580)\r\n\tat org.gradle.internal.dispatch.ReflectionDispatch.dispatch(ReflectionDispatch.java:36)\r\n\tat org.gradle.internal.dispatch.ReflectionDispatch.dispatch(ReflectionDispatch.java:24)\r\n\tat org.gradle.internal.dispatch.ContextClassLoaderDispatch.dispatch(ContextClassLoaderDispatch.java:33)\r\n\tat org.gradle.internal.dispatch.ProxyDispatchAdapter$DispatchingInvocationHandler.invoke(ProxyDispatchAdapter.java:92)\r\n\tat jdk.proxy1/jdk.proxy1.$Proxy4.processTestClass(Unknown Source)\r\n\tat org.gradle.api.internal.tasks.testing.worker.TestWorker$2.run(TestWorker.java:177)\r\n\tat org.gradle.api.internal.tasks.testing.worker.TestWorker.executeAndMaintainThreadName(TestWorker.java:126)\r\n\tat org.gradle.api.internal.tasks.testing.worker.TestWorker.execute(TestWorker.java:103)\r\n\tat org.gradle.api.internal.tasks.testing.worker.TestWorker.execute(TestWorker.java:63)\r\n\tat org.gradle.process.internal.worker.child.ActionExecutionWorker.execute(ActionExecutionWorker.java:56)\r\n\tat org.gradle.process.internal.worker.child.SystemApplicationClassLoaderWorker.call(SystemApplicationClassLoaderWorker.java:122)\r\n\tat org.gradle.process.internal.worker.child.SystemApplicationClassLoaderWorker.call(SystemApplicationClassLoaderWorker.java:72)\r\n\tat worker.org.gradle.process.internal.worker.GradleWorkerMain.run(GradleWorkerMain.java:69)\r\n\tat worker.org.gradle.process.internal.worker.GradleWorkerMain.main(GradleWorkerMain.java:74)\r\nCaused by: java.lang.reflect.InvocationTargetException\r\n\tat java.base/jdk.internal.reflect.DirectConstructorHandleAccessor.newInstance(DirectConstructorHandleAccessor.java:74)\r\n\tat java.base/java.lang.reflect.Constructor.newInstanceWithCaller(Constructor.java:502)\r\n\tat java.base/java.lang.reflect.Constructor.newInstance(Constructor.java:486)\r\n\tat io.cucumber.core.backend.DefaultObjectFactory.cacheNewInstance(DefaultObjectFactory.java:53)\r\n\t... 60 more\r\nCaused by: org.openqa.selenium.SessionNotCreatedException: Could not start a new session. Response code 500. Message: session not created\nfrom unknown error: cannot find Chrome binary \nHost info: host: 'LAPTOP-QLIH9OJD', ip: '172.24.0.1'\nBuild info: version: '4.38.0', revision: '6b412e825c*'\nSystem info: os.name: 'Windows 11', os.arch: 'amd64', os.version: '10.0', java.version: '21.0.3'\nDriver info: org.openqa.selenium.chrome.ChromeDriver\nCommand: [null, newSession {capabilities=[Capabilities {browserName: chrome, goog:chromeOptions: {args: [--headless=new, --no-sandbox, --disable-dev-shm-usage, --window-size=1280,720, --remote-allow-origins=*], extensions: []}}]}]\r\n\tat org.openqa.selenium.remote.ProtocolHandshake.createSession(ProtocolHandshake.java:114)\r\n\tat org.openqa.selenium.remote.ProtocolHandshake.createSession(ProtocolHandshake.java:75)\r\n\tat org.openqa.selenium.remote.ProtocolHandshake.createSession(ProtocolHandshake.java:61)\r\n\tat org.openqa.selenium.remote.HttpCommandExecutor.execute(HttpCommandExecutor.java:187)\r\n\tat org.openqa.selenium.remote.service.DriverCommandExecutor.invokeExecute(DriverCommandExecutor.java:216)\r\n\tat org.openqa.selenium.remote.service.DriverCommandExecutor.execute(DriverCommandExecutor.java:174)\r\n\tat org.openqa.selenium.remote.RemoteWebDriver.execute(RemoteWebDriver.java:557)\r\n\tat org.openqa.selenium.remote.RemoteWebDriver.startSession(RemoteWebDriver.java:246)\r\n\tat org.openqa.selenium.remote.RemoteWebDriver.<init>(RemoteWebDriver.java:174)\r\n\tat org.openqa.selenium.chromium.ChromiumDriver.<init>(ChromiumDriver.java:99)\r\n\tat org.openqa.selenium.chrome.ChromeDriver.<init>(ChromeDriver.java:88)\r\n\tat org.openqa.selenium.chrome.ChromeDriver.<init>(ChromeDriver.java:83)\r\n\tat org.openqa.selenium.chrome.ChromeDriver.<init>(ChromeDriver.java:72)\r\n\tat com.tests.web.utils.DriverFactory.getDriver(DriverFactory.java:23)\r\n\tat com.tests.web.steps.WebSteps.<init>(WebSteps.java:15)\r\n\tat java.base/jdk.internal.reflect.DirectConstructorHandleAccessor.newInstance(DirectConstructorHandleAccessor.java:62)\r\n\t... 63 more\r\n"}}]},{"start_timestamp":"2025-12-15T06:33:49.383Z","line":7,"id":"web-ui---demoblaze-website;verify-homepage-title","type":"scenario","keyword":"Scenario","name":"Verify homepage title","description":"","steps":[{"keyword":"When ","line":8,"match":{"location":"com.tests.web.steps.WebSteps.iOpenTheHomepage()"},"name":"I open the homepage","result":{"status":"skipped"}},{"keyword":"Then ","line":9,"match":{"location":"com.tests.web.steps.WebSteps.thePageTitleShouldContain(java.lang.String)","arguments":[{"val":"\"STORE\"","offset":30}]},"name":"the page title should contain \"STORE\"","result":{"status":"skipped"}}],"tags":[{"name":"@web"}]},{"line":4,"type":"background","keyword":"Background","name":"","description":"","steps":[{"keyword":"Given ","line":5,"match":{"location":"com.tests.web.steps.WebSteps.iOpenTheHomepage()"},"name":"I open the homepage","result":{"duration":4698382100,"status":"failed","error_message":"io.cucumber.core.exception.CucumberException: Failed to instantiate class com.tests.web.steps.WebSteps\r\n\tat io.cucumber.core.backend.DefaultObjectFactory.cacheNewInstance(DefaultObjectFactory.java:67)\r\n\tat io.cucumber.core.backend.DefaultObjectFactory.getInstance(DefaultObjectFactory.java:45)\r\n\tat io.cucumber.java.AbstractGlueDefinition.invokeMethod(AbstractGlueDefinition.java:47)\r\n\tat io.cucumber.java.JavaStepDefinition.execute(JavaStepDefinition.java:29)\r\n\tat io.cucumber.core.runner.CoreStepDefinition.execute(CoreStepDefinition.java:66)\r\n\tat io.cucumber.core.runner.PickleStepDefinitionMatch.runStep(PickleStepDefinitionMatch.java:62)\r\n\tat io.cucumber.core.runner.ExecutionMode$1.execute(ExecutionMode.java:10)\r\n\tat io.cucumber.core.runner.TestStep.executeStep(TestStep.java:81)\r\n\tat io.cucumber.core.runner.TestStep.run(TestStep.java:53)\r\n\tat io.cucumber.core.runner.PickleStepTestStep.run(PickleStepTestStep.java:51)\r\n\tat io.cucumber.core.runner.TestCase.run(TestCase.java:87)\r\n\tat io.cucumber.core.runner.Runner.runPickle(Runner.java:78)\r\n\tat io.cucumber.junit.PickleRunners$NoStepDescriptions.lambda$run$0(PickleRunners.java:151)\r\n\tat io.cucumber.core.runtime.CucumberExecutionContext.lambda$runTestCase$5(CucumberExecutionContext.java:136)\r\n\tat io.cucumber.core.runtime.RethrowingThrowableCollector.executeAndThrow(RethrowingThrowableCollector.java:23)\r\n\tat io.cucumber.core.runtime.CucumberExecutionContext.runTestCase(CucumberExecutionContext.java:136)\r\n\tat io.cucumber.junit.PickleRunners$NoStepDescriptions.run(PickleRunners.java:148)\r\n\tat io.cucumber.junit.FeatureRunner.runChild(FeatureRunner.java:144)\r\n\tat io.cucumber.junit.FeatureRunner.runChild(FeatureRunner.java:28)\r\n\tat org.junit.runners.ParentRunner$4.run(ParentRunner.java:331)\r\n\tat org.junit.runners.ParentRunner$1.schedule(ParentRunner.java:79)\r\n\tat org.junit.runners.ParentRunner.runChildren(ParentRunner.java:329)\r\n\tat org.junit.runners.ParentRunner.access$100(ParentRunner.java:66)\r\n\tat org.junit.runners.ParentRunner$2.evaluate(ParentRunner.java:293)\r\n\tat org.junit.runners.ParentRunner$3.evaluate(ParentRunner.java:306)\r\n\tat org.junit.runners.ParentRunner.run(ParentRunner.java:413)\r\n\tat io.cucumber.junit.FeatureRunner.run(FeatureRunner.java:137)\r\n\tat io.cucumber.junit.Cucumber.runChild(Cucumber.java:202)\r\n\tat io.cucumber.junit.Cucumber.runChild(Cucumber.java:91)\r\n\tat org.junit.runners.ParentRunner$4.run(ParentRunner.java:331)\r\n\tat org.junit.runners.ParentRunner$1.schedule(ParentRunner.java:79)\r\n\tat org.junit.runners.ParentRunner.runChildren(ParentRunner.java:329)\r\n\tat org.junit.runners.ParentRunner.access$100(ParentRunner.java:66)\r\n\tat org.junit.runners.ParentRunner$2.evaluate(ParentRunner.java:293)\r\n\tat io.cucumber.core.runtime.CucumberExecutionContext.lambda$runFeatures$6(CucumberExecutionContext.java:147)\r\n\tat io.cucumber.core.runtime.CucumberExecutionContext.execute(CucumberExecutionContext.java:162)\r\n\tat io.cucumber.core.runtime.CucumberExecutionContext.runFeatures(CucumberExecutionContext.java:145)\r\n\tat io.cucumber.junit.Cucumber$StartAndFinishTestRun.evaluate(Cucumber.java:232)\r\n\tat org.junit.runners.ParentRunner$3.evaluate(ParentRunner.java:306)\r\n\tat org.junit.runners.ParentRunner.run(ParentRunner.java:413)\r\n\tat org.gradle.api.internal.tasks.testing.junit.JUnitTestClassExecutor.runTestClass(JUnitTestClassExecutor.java:122)\r\n\tat org.gradle.api.internal.tasks.testing.junit.JUnitTestClassExecutor.execute(JUnitTestClassExecutor.java:68)\r\n\tat org.gradle.api.internal.tasks.testing.junit.JUnitTestClassExecutor.execute(JUnitTestClassExecutor.java:43)\r\n\tat org.gradle.api.internal.tasks.testing.junit.AbstractJUnitTestClassProcessor.processTestClass(AbstractJUnitTestClassProcessor.java:61)\r\n\tat org.gradle.api.internal.tasks.testing.SuiteTestClassProcessor.processTestClass(SuiteTestClassProcessor.java:54)\r\n\tat java.base/jdk.internal.reflect.DirectMethodHandleAccessor.invoke(DirectMethodHandleAccessor.java:103)\r\n\tat java.base/java.lang.reflect.Method.invoke(Method.java:580)\r\n\tat org.gradle.internal.dispatch.ReflectionDispatch.dispatch(ReflectionDispatch.java:36)\r\n\tat org.gradle.internal.dispatch.ReflectionDispatch.dispatch(ReflectionDispatch.java:24)\r\n\tat org.gradle.internal.dispatch.ContextClassLoaderDispatch.dispatch(ContextClassLoaderDispatch.java:33)\r\n\tat org.gradle.internal.dispatch.ProxyDispatchAdapter$DispatchingInvocationHandler.invoke(ProxyDispatchAdapter.java:92)\r\n\tat jdk.proxy1/jdk.proxy1.$Proxy4.processTestClass(Unknown Source)\r\n\tat org.gradle.api.internal.tasks.testing.worker.TestWorker$2.run(TestWorker.java:177)\r\n\tat org.gradle.api.internal.tasks.testing.worker.TestWorker.executeAndMaintainThreadName(TestWorker.java:126)\r\n\tat org.gradle.api.internal.tasks.testing.worker.TestWorker.execute(TestWorker.java:103)\r\n\tat org.gradle.api.internal.tasks.testing.worker.TestWorker.execute(TestWorker.java:63)\r\n\tat org.gradle.process.internal.worker.child.ActionExecutionWorker.execute(ActionExecutionWorker.java:56)\r\n\tat org.gradle.process.internal.worker.child.SystemApplicationClassLoaderWorker.call(SystemApplicationClassLoaderWorker.java:122)\r\n\tat org.gradle.process.internal.worker.child.SystemApplicationClassLoaderWorker.call(SystemApplicationClassLoaderWorker.java:72)\r\n\tat worker.org.gradle.process.internal.worker.GradleWorkerMain.run(GradleWorkerMain.java:69)\r\n\tat worker.org.gradle.process.internal.worker.GradleWorkerMain.main(GradleWorkerMain.java:74)\r\nCaused by: java.lang.reflect.InvocationTargetException\r\n\tat java.base/jdk.internal.reflect.DirectConstructorHandleAccessor.newInstance(DirectConstructorHandleAccessor.java:74)\r\n\tat java.base/java.lang.reflect.Constructor.newInstanceWithCaller(Constructor.java:502)\r\n\tat java.base/java.lang.reflect.Constructor.newInstance(Constructor.java:486)\r\n\tat io.cucumber.core.backend.DefaultObjectFactory.cacheNewInstance(DefaultObjectFactory.java:53)\r\n\t... 60 more\r\nCaused by: org.openqa.selenium.SessionNotCreatedException: Could not start a new session. Response code 500. Message: session not created\nfrom unknown error: cannot find Chrome binary \nHost info: host: 'LAPTOP-QLIH9OJD', ip: '172.24.0.1'\nBuild info: version: '4.38.0', revision: '6b412e825c*'\nSystem info: os.name: 'Windows 11', os.arch: 'amd64', os.version: '10.0', java.version: '21.0.3'\nDriver info: org.openqa.selenium.chrome.ChromeDriver\nCommand: [null, newSession {capabilities=[Capabilities {browserName: chrome, goog:chromeOptions: {args: [--headless=new, --no-sandbox, --disable-dev-shm-usage, --window-size=1280,720, --remote-allow-origins=*], extensions: []}}]}]\r\n\tat org.openqa.selenium.remote.ProtocolHandshake.createSession(ProtocolHandshake.java:114)\r\n\tat org.openqa.selenium.remote.ProtocolHandshake.createSession(ProtocolHandshake.java:75)\r\n\tat org.openqa.selenium.remote.ProtocolHandshake.createSession(ProtocolHandshake.java:61)\r\n\tat org.openqa.selenium.remote.HttpCommandExecutor.execute(HttpCommandExecutor.java:187)\r\n\tat org.openqa.selenium.remote.service.DriverCommandExecutor.invokeExecute(DriverCommandExecutor.java:216)\r\n\tat org.openqa.selenium.remote.service.DriverCommandExecutor.execute(DriverCommandExecutor.java:174)\r\n\tat org.openqa.selenium.remote.RemoteWebDriver.execute(RemoteWebDriver.java:557)\r\n\tat org.openqa.selenium.remote.RemoteWebDriver.startSession(RemoteWebDriver.java:246)\r\n\tat org.openqa.selenium.remote.RemoteWebDriver.<init>(RemoteWebDriver.java:174)\r\n\tat org.openqa.selenium.chromium.ChromiumDriver.<init>(ChromiumDriver.java:99)\r\n\tat org.openqa.selenium.chrome.ChromeDriver.<init>(ChromeDriver.java:88)\r\n\tat org.openqa.selenium.chrome.ChromeDriver.<init>(ChromeDriver.java:83)\r\n\tat org.openqa.selenium.chrome.ChromeDriver.<init>(ChromeDriver.java:72)\r\n\tat com.tests.web.utils.DriverFactory.getDriver(DriverFactory.java:23)\r\n\tat com.tests.web.steps.WebSteps.<init>(WebSteps.java:15)\r\n\tat java.base/jdk.internal.reflect.DirectConstructorHandleAccessor.newInstance(DirectConstructorHandleAccessor.java:62)\r\n\t... 63 more\r\n"}}]},{"start_timestamp":"2025-12-15T06:33:56.529Z","line":11,"id":"web-ui---demoblaze-website;add-product-to-cart","type":"scenario","keyword":"Scenario","name":"Add product to cart","description":"","steps":[{"keyword":"When ","line":12,"match":{"location":"com.tests.web.steps.WebSteps.iAddTheFirstProductToCart()"},"name":"I add the first product to cart","result":{"duration":2511800,"status":"skipped"}},{"keyword":"Then ","line":13,"match":{"location":"com.tests.web.steps.WebSteps.theCartShouldContainAtLeastItem(java.lang.Integer)","arguments":[{"val":"1","offset":33}]},"name":"the cart should contain at least 1 item","result":{"status":"skipped"}}],"tags":[{"name":"@web"}]}],"tags":[{"name":"@web","type":"Tag","location":{"line":1,"column":1}}]}]